<?xml version="1.0" encoding="UTF-8"?>
<!-- Generated by org.testng.reporters.JUnitXMLReporter -->
<testsuite ignored="1" hostname="ZSCHN01LP0374" failures="8" tests="8" name="API" time="0.894" errors="0" timestamp="2025-10-28T22:07:39 IST">
  <testcase classname="com.example.api.tests.userAPI_json" name="registerUser" time="0.146">
    <failure type="java.lang.NoClassDefFoundError" message="org/hamcrest/Matcher">
      <![CDATA[java.lang.NoClassDefFoundError: org/hamcrest/Matcher
at java.base/java.lang.Class.getDeclaredMethods0(Native Method)
at java.base/java.lang.Class.privateGetDeclaredMethods(Class.java:3402)
at java.base/java.lang.Class.privateGetPublicMethods(Class.java:3427)
at java.base/java.lang.Class.getMethods(Class.java:2019)
at java.desktop/com.sun.beans.introspect.MethodInfo.get(MethodInfo.java:70)
at java.desktop/com.sun.beans.introspect.ClassInfo.getMethods(ClassInfo.java:80)
at java.desktop/java.beans.Introspector.getTargetMethodInfo(Introspector.java:1029)
at java.desktop/java.beans.Introspector.getBeanInfo(Introspector.java:446)
at java.desktop/java.beans.Introspector.getBeanInfo(Introspector.java:195)
at groovy.lang.MetaClassImpl.lambda$addProperties$24(MetaClassImpl.java:3495)
at java.base/java.security.AccessController.doPrivileged(AccessController.java:569)
at groovy.lang.MetaClassImpl.doPrivileged(MetaClassImpl.java:3527)
at groovy.lang.MetaClassImpl.addProperties(MetaClassImpl.java:3495)
at groovy.lang.MetaClassImpl.reinitialize(MetaClassImpl.java:3477)
at groovy.lang.MetaClassImpl.initialize(MetaClassImpl.java:3470)
at io.restassured.internal.ResponseSpecificationImpl.$getStaticMetaClass(ResponseSpecificationImpl.groovy)
at io.restassured.internal.ResponseSpecificationImpl.<init>(ResponseSpecificationImpl.groovy:61)
at io.restassured.internal.ResponseSpecificationImpl.<init>(ResponseSpecificationImpl.groovy:79)
at io.restassured.RestAssured.createTestSpecification(RestAssured.java:1453)
at io.restassured.RestAssured.given(RestAssured.java:654)
at com.example.api.tests.userAPI_json.registerUser(userAPI_json.java:28)
at java.base/java.util.ArrayList.forEach(ArrayList.java:1511)
at com.example.api.utils.TestNGXMLGenerator2.runGeneratedXML(TestNGXMLGenerator2.java:200)
at com.example.api.utils.TestNGXMLGenerator2.main(TestNGXMLGenerator2.java:134)
Caused by: java.lang.ClassNotFoundException: org.hamcrest.Matcher
at java.base/jdk.internal.loader.BuiltinClassLoader.loadClass(BuiltinClassLoader.java:641)
at java.base/jdk.internal.loader.ClassLoaders$AppClassLoader.loadClass(ClassLoaders.java:188)
at java.base/java.lang.ClassLoader.loadClass(ClassLoader.java:520)
... 50 more
... Removed 26 stack frames]]>
    </failure>
  </testcase> <!-- registerUser -->
  <testcase classname="com.example.api.tests.userAPI_json" name="registerUser" time="0.003">
    <failure type="java.lang.NoClassDefFoundError" message="org/hamcrest/Matcher">
      <![CDATA[java.lang.NoClassDefFoundError: org/hamcrest/Matcher
at java.base/java.lang.Class.getDeclaredMethods0(Native Method)
at java.base/java.lang.Class.privateGetDeclaredMethods(Class.java:3402)
at java.base/java.lang.Class.privateGetPublicMethods(Class.java:3427)
at java.base/java.lang.Class.getMethods(Class.java:2019)
at java.desktop/com.sun.beans.introspect.MethodInfo.get(MethodInfo.java:70)
at java.desktop/com.sun.beans.introspect.ClassInfo.getMethods(ClassInfo.java:80)
at java.desktop/java.beans.Introspector.getTargetMethodInfo(Introspector.java:1029)
at java.desktop/java.beans.Introspector.getBeanInfo(Introspector.java:446)
at java.desktop/java.beans.Introspector.getBeanInfo(Introspector.java:195)
at groovy.lang.MetaClassImpl.lambda$addProperties$24(MetaClassImpl.java:3495)
at java.base/java.security.AccessController.doPrivileged(AccessController.java:569)
at groovy.lang.MetaClassImpl.doPrivileged(MetaClassImpl.java:3527)
at groovy.lang.MetaClassImpl.addProperties(MetaClassImpl.java:3495)
at groovy.lang.MetaClassImpl.reinitialize(MetaClassImpl.java:3477)
at groovy.lang.MetaClassImpl.initialize(MetaClassImpl.java:3470)
at io.restassured.internal.ResponseSpecificationImpl.$getStaticMetaClass(ResponseSpecificationImpl.groovy)
at io.restassured.internal.ResponseSpecificationImpl.<init>(ResponseSpecificationImpl.groovy:61)
at io.restassured.internal.ResponseSpecificationImpl.<init>(ResponseSpecificationImpl.groovy:79)
at io.restassured.RestAssured.createTestSpecification(RestAssured.java:1453)
at io.restassured.RestAssured.given(RestAssured.java:654)
at com.example.api.tests.userAPI_json.registerUser(userAPI_json.java:28)
at java.base/java.util.ArrayList.forEach(ArrayList.java:1511)
at com.example.api.utils.TestNGXMLGenerator2.runGeneratedXML(TestNGXMLGenerator2.java:200)
at com.example.api.utils.TestNGXMLGenerator2.main(TestNGXMLGenerator2.java:134)
Caused by: java.lang.ClassNotFoundException: org.hamcrest.Matcher
at java.base/jdk.internal.loader.BuiltinClassLoader.loadClass(BuiltinClassLoader.java:641)
at java.base/jdk.internal.loader.ClassLoaders$AppClassLoader.loadClass(ClassLoaders.java:188)
at java.base/java.lang.ClassLoader.loadClass(ClassLoader.java:520)
... 50 more
... Removed 26 stack frames]]>
    </failure>
  </testcase> <!-- registerUser -->
  <testcase classname="com.example.api.tests.userAPI_json" name="registerUser" time="0.001">
    <failure type="java.lang.NoClassDefFoundError" message="org/hamcrest/Matcher">
      <![CDATA[java.lang.NoClassDefFoundError: org/hamcrest/Matcher
at java.base/java.lang.Class.getDeclaredMethods0(Native Method)
at java.base/java.lang.Class.privateGetDeclaredMethods(Class.java:3402)
at java.base/java.lang.Class.privateGetPublicMethods(Class.java:3427)
at java.base/java.lang.Class.getMethods(Class.java:2019)
at java.desktop/com.sun.beans.introspect.MethodInfo.get(MethodInfo.java:70)
at java.desktop/com.sun.beans.introspect.ClassInfo.getMethods(ClassInfo.java:80)
at java.desktop/java.beans.Introspector.getTargetMethodInfo(Introspector.java:1029)
at java.desktop/java.beans.Introspector.getBeanInfo(Introspector.java:446)
at java.desktop/java.beans.Introspector.getBeanInfo(Introspector.java:195)
at groovy.lang.MetaClassImpl.lambda$addProperties$24(MetaClassImpl.java:3495)
at java.base/java.security.AccessController.doPrivileged(AccessController.java:569)
at groovy.lang.MetaClassImpl.doPrivileged(MetaClassImpl.java:3527)
at groovy.lang.MetaClassImpl.addProperties(MetaClassImpl.java:3495)
at groovy.lang.MetaClassImpl.reinitialize(MetaClassImpl.java:3477)
at groovy.lang.MetaClassImpl.initialize(MetaClassImpl.java:3470)
at io.restassured.internal.ResponseSpecificationImpl.$getStaticMetaClass(ResponseSpecificationImpl.groovy)
at io.restassured.internal.ResponseSpecificationImpl.<init>(ResponseSpecificationImpl.groovy:61)
at io.restassured.internal.ResponseSpecificationImpl.<init>(ResponseSpecificationImpl.groovy:79)
at io.restassured.RestAssured.createTestSpecification(RestAssured.java:1453)
at io.restassured.RestAssured.given(RestAssured.java:654)
at com.example.api.tests.userAPI_json.registerUser(userAPI_json.java:28)
at java.base/java.util.ArrayList.forEach(ArrayList.java:1511)
at com.example.api.utils.TestNGXMLGenerator2.runGeneratedXML(TestNGXMLGenerator2.java:200)
at com.example.api.utils.TestNGXMLGenerator2.main(TestNGXMLGenerator2.java:134)
Caused by: java.lang.ClassNotFoundException: org.hamcrest.Matcher
at java.base/jdk.internal.loader.BuiltinClassLoader.loadClass(BuiltinClassLoader.java:641)
at java.base/jdk.internal.loader.ClassLoaders$AppClassLoader.loadClass(ClassLoaders.java:188)
at java.base/java.lang.ClassLoader.loadClass(ClassLoader.java:520)
... 50 more
... Removed 26 stack frames]]>
    </failure>
  </testcase> <!-- registerUser -->
  <testcase classname="com.example.api.tests.userAPI_json" name="registerUser" time="0.002">
    <failure type="java.lang.NoClassDefFoundError" message="org/hamcrest/Matcher">
      <![CDATA[java.lang.NoClassDefFoundError: org/hamcrest/Matcher
at java.base/java.lang.Class.getDeclaredMethods0(Native Method)
at java.base/java.lang.Class.privateGetDeclaredMethods(Class.java:3402)
at java.base/java.lang.Class.privateGetPublicMethods(Class.java:3427)
at java.base/java.lang.Class.getMethods(Class.java:2019)
at java.desktop/com.sun.beans.introspect.MethodInfo.get(MethodInfo.java:70)
at java.desktop/com.sun.beans.introspect.ClassInfo.getMethods(ClassInfo.java:80)
at java.desktop/java.beans.Introspector.getTargetMethodInfo(Introspector.java:1029)
at java.desktop/java.beans.Introspector.getBeanInfo(Introspector.java:446)
at java.desktop/java.beans.Introspector.getBeanInfo(Introspector.java:195)
at groovy.lang.MetaClassImpl.lambda$addProperties$24(MetaClassImpl.java:3495)
at java.base/java.security.AccessController.doPrivileged(AccessController.java:569)
at groovy.lang.MetaClassImpl.doPrivileged(MetaClassImpl.java:3527)
at groovy.lang.MetaClassImpl.addProperties(MetaClassImpl.java:3495)
at groovy.lang.MetaClassImpl.reinitialize(MetaClassImpl.java:3477)
at groovy.lang.MetaClassImpl.initialize(MetaClassImpl.java:3470)
at io.restassured.internal.ResponseSpecificationImpl.$getStaticMetaClass(ResponseSpecificationImpl.groovy)
at io.restassured.internal.ResponseSpecificationImpl.<init>(ResponseSpecificationImpl.groovy:61)
at io.restassured.internal.ResponseSpecificationImpl.<init>(ResponseSpecificationImpl.groovy:79)
at io.restassured.RestAssured.createTestSpecification(RestAssured.java:1453)
at io.restassured.RestAssured.given(RestAssured.java:654)
at com.example.api.tests.userAPI_json.registerUser(userAPI_json.java:28)
at java.base/java.util.ArrayList.forEach(ArrayList.java:1511)
at com.example.api.utils.TestNGXMLGenerator2.runGeneratedXML(TestNGXMLGenerator2.java:200)
at com.example.api.utils.TestNGXMLGenerator2.main(TestNGXMLGenerator2.java:134)
Caused by: java.lang.ClassNotFoundException: org.hamcrest.Matcher
at java.base/jdk.internal.loader.BuiltinClassLoader.loadClass(BuiltinClassLoader.java:641)
at java.base/jdk.internal.loader.ClassLoaders$AppClassLoader.loadClass(ClassLoaders.java:188)
at java.base/java.lang.ClassLoader.loadClass(ClassLoader.java:520)
... 50 more
... Removed 26 stack frames]]>
    </failure>
  </testcase> <!-- registerUser -->
  <testcase classname="com.example.api.tests.userAPI_json" name="loginUser" time="0.002">
    <failure type="java.lang.NoClassDefFoundError" message="org/hamcrest/Matcher">
      <![CDATA[java.lang.NoClassDefFoundError: org/hamcrest/Matcher
at java.base/java.lang.Class.getDeclaredMethods0(Native Method)
at java.base/java.lang.Class.privateGetDeclaredMethods(Class.java:3402)
at java.base/java.lang.Class.privateGetPublicMethods(Class.java:3427)
at java.base/java.lang.Class.getMethods(Class.java:2019)
at java.desktop/com.sun.beans.introspect.MethodInfo.get(MethodInfo.java:70)
at java.desktop/com.sun.beans.introspect.ClassInfo.getMethods(ClassInfo.java:80)
at java.desktop/java.beans.Introspector.getTargetMethodInfo(Introspector.java:1029)
at java.desktop/java.beans.Introspector.getBeanInfo(Introspector.java:446)
at java.desktop/java.beans.Introspector.getBeanInfo(Introspector.java:195)
at groovy.lang.MetaClassImpl.lambda$addProperties$24(MetaClassImpl.java:3495)
at java.base/java.security.AccessController.doPrivileged(AccessController.java:569)
at groovy.lang.MetaClassImpl.doPrivileged(MetaClassImpl.java:3527)
at groovy.lang.MetaClassImpl.addProperties(MetaClassImpl.java:3495)
at groovy.lang.MetaClassImpl.reinitialize(MetaClassImpl.java:3477)
at groovy.lang.MetaClassImpl.initialize(MetaClassImpl.java:3470)
at io.restassured.internal.ResponseSpecificationImpl.$getStaticMetaClass(ResponseSpecificationImpl.groovy)
at io.restassured.internal.ResponseSpecificationImpl.<init>(ResponseSpecificationImpl.groovy:61)
at io.restassured.internal.ResponseSpecificationImpl.<init>(ResponseSpecificationImpl.groovy:79)
at io.restassured.RestAssured.createTestSpecification(RestAssured.java:1453)
at io.restassured.RestAssured.given(RestAssured.java:654)
at com.example.api.tests.userAPI_json.loginUser(userAPI_json.java:48)
at java.base/java.util.ArrayList.forEach(ArrayList.java:1511)
at com.example.api.utils.TestNGXMLGenerator2.runGeneratedXML(TestNGXMLGenerator2.java:200)
at com.example.api.utils.TestNGXMLGenerator2.main(TestNGXMLGenerator2.java:134)
Caused by: java.lang.ClassNotFoundException: org.hamcrest.Matcher
at java.base/jdk.internal.loader.BuiltinClassLoader.loadClass(BuiltinClassLoader.java:641)
at java.base/jdk.internal.loader.ClassLoaders$AppClassLoader.loadClass(ClassLoaders.java:188)
at java.base/java.lang.ClassLoader.loadClass(ClassLoader.java:520)
... 50 more
... Removed 26 stack frames]]>
    </failure>
  </testcase> <!-- loginUser -->
  <testcase classname="com.example.api.tests.userAPI_json" name="loginUser" time="0.003">
    <failure type="java.lang.NoClassDefFoundError" message="org/hamcrest/Matcher">
      <![CDATA[java.lang.NoClassDefFoundError: org/hamcrest/Matcher
at java.base/java.lang.Class.getDeclaredMethods0(Native Method)
at java.base/java.lang.Class.privateGetDeclaredMethods(Class.java:3402)
at java.base/java.lang.Class.privateGetPublicMethods(Class.java:3427)
at java.base/java.lang.Class.getMethods(Class.java:2019)
at java.desktop/com.sun.beans.introspect.MethodInfo.get(MethodInfo.java:70)
at java.desktop/com.sun.beans.introspect.ClassInfo.getMethods(ClassInfo.java:80)
at java.desktop/java.beans.Introspector.getTargetMethodInfo(Introspector.java:1029)
at java.desktop/java.beans.Introspector.getBeanInfo(Introspector.java:446)
at java.desktop/java.beans.Introspector.getBeanInfo(Introspector.java:195)
at groovy.lang.MetaClassImpl.lambda$addProperties$24(MetaClassImpl.java:3495)
at java.base/java.security.AccessController.doPrivileged(AccessController.java:569)
at groovy.lang.MetaClassImpl.doPrivileged(MetaClassImpl.java:3527)
at groovy.lang.MetaClassImpl.addProperties(MetaClassImpl.java:3495)
at groovy.lang.MetaClassImpl.reinitialize(MetaClassImpl.java:3477)
at groovy.lang.MetaClassImpl.initialize(MetaClassImpl.java:3470)
at io.restassured.internal.ResponseSpecificationImpl.$getStaticMetaClass(ResponseSpecificationImpl.groovy)
at io.restassured.internal.ResponseSpecificationImpl.<init>(ResponseSpecificationImpl.groovy:61)
at io.restassured.internal.ResponseSpecificationImpl.<init>(ResponseSpecificationImpl.groovy:79)
at io.restassured.RestAssured.createTestSpecification(RestAssured.java:1453)
at io.restassured.RestAssured.given(RestAssured.java:654)
at com.example.api.tests.userAPI_json.loginUser(userAPI_json.java:48)
at java.base/java.util.ArrayList.forEach(ArrayList.java:1511)
at com.example.api.utils.TestNGXMLGenerator2.runGeneratedXML(TestNGXMLGenerator2.java:200)
at com.example.api.utils.TestNGXMLGenerator2.main(TestNGXMLGenerator2.java:134)
Caused by: java.lang.ClassNotFoundException: org.hamcrest.Matcher
at java.base/jdk.internal.loader.BuiltinClassLoader.loadClass(BuiltinClassLoader.java:641)
at java.base/jdk.internal.loader.ClassLoaders$AppClassLoader.loadClass(ClassLoaders.java:188)
at java.base/java.lang.ClassLoader.loadClass(ClassLoader.java:520)
... 50 more
... Removed 26 stack frames]]>
    </failure>
  </testcase> <!-- loginUser -->
  <testcase classname="com.example.api.tests.userAPI_json" name="loginUser" time="0.002">
    <failure type="java.lang.NoClassDefFoundError" message="org/hamcrest/Matcher">
      <![CDATA[java.lang.NoClassDefFoundError: org/hamcrest/Matcher
at java.base/java.lang.Class.getDeclaredMethods0(Native Method)
at java.base/java.lang.Class.privateGetDeclaredMethods(Class.java:3402)
at java.base/java.lang.Class.privateGetPublicMethods(Class.java:3427)
at java.base/java.lang.Class.getMethods(Class.java:2019)
at java.desktop/com.sun.beans.introspect.MethodInfo.get(MethodInfo.java:70)
at java.desktop/com.sun.beans.introspect.ClassInfo.getMethods(ClassInfo.java:80)
at java.desktop/java.beans.Introspector.getTargetMethodInfo(Introspector.java:1029)
at java.desktop/java.beans.Introspector.getBeanInfo(Introspector.java:446)
at java.desktop/java.beans.Introspector.getBeanInfo(Introspector.java:195)
at groovy.lang.MetaClassImpl.lambda$addProperties$24(MetaClassImpl.java:3495)
at java.base/java.security.AccessController.doPrivileged(AccessController.java:569)
at groovy.lang.MetaClassImpl.doPrivileged(MetaClassImpl.java:3527)
at groovy.lang.MetaClassImpl.addProperties(MetaClassImpl.java:3495)
at groovy.lang.MetaClassImpl.reinitialize(MetaClassImpl.java:3477)
at groovy.lang.MetaClassImpl.initialize(MetaClassImpl.java:3470)
at io.restassured.internal.ResponseSpecificationImpl.$getStaticMetaClass(ResponseSpecificationImpl.groovy)
at io.restassured.internal.ResponseSpecificationImpl.<init>(ResponseSpecificationImpl.groovy:61)
at io.restassured.internal.ResponseSpecificationImpl.<init>(ResponseSpecificationImpl.groovy:79)
at io.restassured.RestAssured.createTestSpecification(RestAssured.java:1453)
at io.restassured.RestAssured.given(RestAssured.java:654)
at com.example.api.tests.userAPI_json.loginUser(userAPI_json.java:48)
at java.base/java.util.ArrayList.forEach(ArrayList.java:1511)
at com.example.api.utils.TestNGXMLGenerator2.runGeneratedXML(TestNGXMLGenerator2.java:200)
at com.example.api.utils.TestNGXMLGenerator2.main(TestNGXMLGenerator2.java:134)
Caused by: java.lang.ClassNotFoundException: org.hamcrest.Matcher
at java.base/jdk.internal.loader.BuiltinClassLoader.loadClass(BuiltinClassLoader.java:641)
at java.base/jdk.internal.loader.ClassLoaders$AppClassLoader.loadClass(ClassLoaders.java:188)
at java.base/java.lang.ClassLoader.loadClass(ClassLoader.java:520)
... 50 more
... Removed 26 stack frames]]>
    </failure>
  </testcase> <!-- loginUser -->
  <testcase classname="com.example.api.tests.userAPI_json" name="loginUser" time="0.002">
    <failure type="java.lang.NoClassDefFoundError" message="org/hamcrest/Matcher">
      <![CDATA[java.lang.NoClassDefFoundError: org/hamcrest/Matcher
at java.base/java.lang.Class.getDeclaredMethods0(Native Method)
at java.base/java.lang.Class.privateGetDeclaredMethods(Class.java:3402)
at java.base/java.lang.Class.privateGetPublicMethods(Class.java:3427)
at java.base/java.lang.Class.getMethods(Class.java:2019)
at java.desktop/com.sun.beans.introspect.MethodInfo.get(MethodInfo.java:70)
at java.desktop/com.sun.beans.introspect.ClassInfo.getMethods(ClassInfo.java:80)
at java.desktop/java.beans.Introspector.getTargetMethodInfo(Introspector.java:1029)
at java.desktop/java.beans.Introspector.getBeanInfo(Introspector.java:446)
at java.desktop/java.beans.Introspector.getBeanInfo(Introspector.java:195)
at groovy.lang.MetaClassImpl.lambda$addProperties$24(MetaClassImpl.java:3495)
at java.base/java.security.AccessController.doPrivileged(AccessController.java:569)
at groovy.lang.MetaClassImpl.doPrivileged(MetaClassImpl.java:3527)
at groovy.lang.MetaClassImpl.addProperties(MetaClassImpl.java:3495)
at groovy.lang.MetaClassImpl.reinitialize(MetaClassImpl.java:3477)
at groovy.lang.MetaClassImpl.initialize(MetaClassImpl.java:3470)
at io.restassured.internal.ResponseSpecificationImpl.$getStaticMetaClass(ResponseSpecificationImpl.groovy)
at io.restassured.internal.ResponseSpecificationImpl.<init>(ResponseSpecificationImpl.groovy:61)
at io.restassured.internal.ResponseSpecificationImpl.<init>(ResponseSpecificationImpl.groovy:79)
at io.restassured.RestAssured.createTestSpecification(RestAssured.java:1453)
at io.restassured.RestAssured.given(RestAssured.java:654)
at com.example.api.tests.userAPI_json.loginUser(userAPI_json.java:48)
at java.base/java.util.ArrayList.forEach(ArrayList.java:1511)
at com.example.api.utils.TestNGXMLGenerator2.runGeneratedXML(TestNGXMLGenerator2.java:200)
at com.example.api.utils.TestNGXMLGenerator2.main(TestNGXMLGenerator2.java:134)
Caused by: java.lang.ClassNotFoundException: org.hamcrest.Matcher
at java.base/jdk.internal.loader.BuiltinClassLoader.loadClass(BuiltinClassLoader.java:641)
at java.base/jdk.internal.loader.ClassLoaders$AppClassLoader.loadClass(ClassLoaders.java:188)
at java.base/java.lang.ClassLoader.loadClass(ClassLoader.java:520)
... 50 more
... Removed 26 stack frames]]>
    </failure>
  </testcase> <!-- loginUser -->
  <testcase classname="com.example.api.tests.userAPI_json" name="changePassword" time="0.0">
    <ignored/>
  </testcase> <!-- changePassword -->
</testsuite> <!-- API -->
